<?xml version="1.0" encoding="UTF-8"?>
<testsuite xmlns:xsi="http://www.w3.org/2001/XMLSchema-instance" xsi:noNamespaceSchemaLocation="https://maven.apache.org/surefire/maven-surefire-plugin/xsd/surefire-test-report-3.0.xsd" version="3.0" name="com.example.constants.SeasonTest" time="0.092" tests="8" errors="0" skipped="0" failures="0">
  <properties>
[...]
</properties>
  <testcase name="testEnum2(Season)[1]" classname="com.example.constants.SeasonTest" time="0.025"/>
  <testcase name="testEnum2(Season)[2]" classname="com.example.constants.SeasonTest" time="0.001"/>
  <testcase name="testEnum3(Season)[1]" classname="com.example.constants.SeasonTest" time="0.0"/>
  <testcase name="testEnum3(Season)[2]" classname="com.example.constants.SeasonTest" time="0.001"/>
  <testcase name="testEnum(Season)[1]" classname="com.example.constants.SeasonTest" time="0.001"/>
  <testcase name="testEnum(Season)[2]" classname="com.example.constants.SeasonTest" time="0.001"/>
  <testcase name="testEnum(Season)[3]" classname="com.example.constants.SeasonTest" time="0.002"/>
  <testcase name="testEnum(Season)[4]" classname="com.example.constants.SeasonTest" time="0.001"/>
</testsuite>